0 verbose cli D:\codeEnvironment\node-v22.14.0-win-x64\node.exe D:\codeEnvironment\node-v22.14.0-win-x64\node_modules\npm\bin\npm-cli.js
1 info using npm@10.9.2
2 info using node@v22.14.0
3 silly config load:file:D:\codeEnvironment\node-v22.14.0-win-x64\node_modules\npm\npmrc
4 silly config load:file:D:\ToBeProgrammer\learnHtml\htmlProject\htmlPractice\网易严选vue3\vue3-yanxuan\.npmrc
5 silly config load:file:C:\Users\huang\.npmrc
6 silly config load:file:D:\codeEnvironment\node\node_global\etc\npmrc
7 verbose title npm install element-plus
8 verbose argv "install" "element-plus"
9 verbose logfile logs-max:10 dir:D:\ToBeProgrammer\learnHtml\htmlProject\htmlPractice\网易严选\.npm-cache\_logs\2025-03-17T08_58_53_980Z-
10 verbose logfile D:\ToBeProgrammer\learnHtml\htmlProject\htmlPractice\网易严选\.npm-cache\_logs\2025-03-17T08_58_53_980Z-debug-0.log
11 silly logfile start cleaning logs, removing 1 files
12 silly packumentCache heap:4345298944 maxSize:1086324736 maxEntrySize:543162368
13 silly logfile done cleaning log files
14 silly idealTree buildDeps
15 silly fetch manifest element-plus@*
16 silly packumentCache full:https://registry.npmmirror.com/element-plus cache-miss
17 verbose shrinkwrap failed to load node_modules/.package-lock.json out of date, updated: node_modules
18 http fetch GET 200 https://registry.npmmirror.com/element-plus 1070ms (cache miss)
19 silly packumentCache full:https://registry.npmmirror.com/element-plus set size:150695 disposed:false
20 silly fetch manifest vue@^3.2.13
21 silly packumentCache full:https://registry.npmmirror.com/vue cache-miss
22 http fetch GET 200 https://registry.npmmirror.com/vue 76ms (cache updated)
23 silly packumentCache full:https://registry.npmmirror.com/vue set size:354918 disposed:false
24 silly fetch manifest typescript@*
25 silly packumentCache full:https://registry.npmmirror.com/typescript cache-miss
26 http fetch GET 200 https://registry.npmmirror.com/typescript 149ms (cache miss)
27 silly packumentCache full:https://registry.npmmirror.com/typescript set size:1528445 disposed:false
28 silly placeDep ROOT element-plus@2.9.6 OK for: vue3-yanxuan@0.1.0 want: *
29 silly fetch manifest @ctrl/tinycolor@^3.4.1
30 silly packumentCache full:https://registry.npmmirror.com/@ctrl%2ftinycolor cache-miss
31 silly fetch manifest @element-plus/icons-vue@^2.3.1
32 silly packumentCache full:https://registry.npmmirror.com/@element-plus%2ficons-vue cache-miss
33 silly fetch manifest @floating-ui/dom@^1.0.1
34 silly packumentCache full:https://registry.npmmirror.com/@floating-ui%2fdom cache-miss
35 silly fetch manifest @popperjs/core@npm:@sxzz/popperjs-es@^2.11.7
36 silly packumentCache full:https://registry.npmmirror.com/@sxzz%2fpopperjs-es cache-miss
37 silly fetch manifest @types/lodash@^4.14.182
38 silly packumentCache full:https://registry.npmmirror.com/@types%2flodash cache-miss
39 silly fetch manifest @types/lodash-es@^4.17.6
40 silly packumentCache full:https://registry.npmmirror.com/@types%2flodash-es cache-miss
41 silly fetch manifest @vueuse/core@^9.1.0
42 silly packumentCache full:https://registry.npmmirror.com/@vueuse%2fcore cache-miss
43 silly fetch manifest async-validator@^4.2.5
44 silly packumentCache full:https://registry.npmmirror.com/async-validator cache-miss
45 silly fetch manifest dayjs@^1.11.13
46 silly packumentCache full:https://registry.npmmirror.com/dayjs cache-miss
47 silly fetch manifest lodash-es@^4.17.21
48 silly packumentCache full:https://registry.npmmirror.com/lodash-es cache-miss
49 silly fetch manifest lodash-unified@^1.0.2
50 silly packumentCache full:https://registry.npmmirror.com/lodash-unified cache-miss
51 silly fetch manifest memoize-one@^6.0.0
52 silly packumentCache full:https://registry.npmmirror.com/memoize-one cache-miss
53 silly fetch manifest normalize-wheel-es@^1.2.0
54 silly packumentCache full:https://registry.npmmirror.com/normalize-wheel-es cache-miss
55 http fetch GET 200 https://registry.npmmirror.com/@ctrl%2ftinycolor 36ms (cache miss)
56 silly packumentCache full:https://registry.npmmirror.com/@ctrl%2ftinycolor set size:29921 disposed:false
57 http fetch GET 200 https://registry.npmmirror.com/@sxzz%2fpopperjs-es 108ms (cache miss)
58 silly packumentCache full:https://registry.npmmirror.com/@sxzz%2fpopperjs-es set size:12341 disposed:false
59 http fetch GET 200 https://registry.npmmirror.com/lodash-unified 115ms (cache miss)
60 silly packumentCache full:https://registry.npmmirror.com/lodash-unified set size:4317 disposed:false
61 http fetch GET 200 https://registry.npmmirror.com/normalize-wheel-es 125ms (cache miss)
62 silly packumentCache full:https://registry.npmmirror.com/normalize-wheel-es set size:5576 disposed:false
63 http fetch GET 200 https://registry.npmmirror.com/@element-plus%2ficons-vue 129ms (cache miss)
64 silly packumentCache full:https://registry.npmmirror.com/@element-plus%2ficons-vue set size:33840 disposed:false
65 http fetch GET 200 https://registry.npmmirror.com/memoize-one 131ms (cache miss)
66 silly packumentCache full:https://registry.npmmirror.com/memoize-one set size:21734 disposed:false
67 http fetch GET 200 https://registry.npmmirror.com/lodash-es 138ms (cache miss)
68 silly packumentCache full:https://registry.npmmirror.com/lodash-es set size:16790 disposed:false
69 http fetch GET 200 https://registry.npmmirror.com/@types%2flodash-es 142ms (cache miss)
70 silly packumentCache full:https://registry.npmmirror.com/@types%2flodash-es set size:9011 disposed:false
71 http fetch GET 200 https://registry.npmmirror.com/async-validator 144ms (cache miss)
72 silly packumentCache full:https://registry.npmmirror.com/async-validator set size:33991 disposed:false
73 http fetch GET 200 https://registry.npmmirror.com/@floating-ui%2fdom 156ms (cache miss)
74 silly packumentCache full:https://registry.npmmirror.com/@floating-ui%2fdom set size:58586 disposed:false
75 http fetch GET 200 https://registry.npmmirror.com/dayjs 164ms (cache miss)
76 silly packumentCache full:https://registry.npmmirror.com/dayjs set size:54721 disposed:false
77 http fetch GET 200 https://registry.npmmirror.com/@types%2flodash 179ms (cache miss)
78 silly packumentCache full:https://registry.npmmirror.com/@types%2flodash set size:75178 disposed:false
79 http fetch GET 200 https://registry.npmmirror.com/@vueuse%2fcore 190ms (cache miss)
80 silly packumentCache full:https://registry.npmmirror.com/@vueuse%2fcore set size:169453 disposed:false
81 silly fetch manifest vue@^3.2.0
82 silly packumentCache full:https://registry.npmmirror.com/vue cache-hit
83 silly fetch manifest lodash@^4.17.21
84 silly packumentCache full:https://registry.npmmirror.com/lodash cache-miss
85 http fetch GET 200 https://registry.npmmirror.com/lodash 93ms (cache updated)
86 silly packumentCache full:https://registry.npmmirror.com/lodash set size:undefined disposed:false
87 silly placeDep ROOT @ctrl/tinycolor@3.6.1 OK for: element-plus@2.9.6 want: ^3.4.1
88 silly placeDep ROOT @element-plus/icons-vue@2.3.1 OK for: element-plus@2.9.6 want: ^2.3.1
89 silly placeDep ROOT @floating-ui/dom@1.6.13 OK for: element-plus@2.9.6 want: ^1.0.1
90 silly placeDep ROOT @popperjs/core@2.11.7 OK for: element-plus@2.9.6 want: npm:@sxzz/popperjs-es@^2.11.7
91 silly placeDep ROOT @types/lodash@4.17.16 OK for: element-plus@2.9.6 want: ^4.14.182
92 silly placeDep ROOT @types/lodash-es@4.17.12 OK for: element-plus@2.9.6 want: ^4.17.6
93 silly placeDep ROOT @vueuse/core@9.13.0 OK for: element-plus@2.9.6 want: ^9.1.0
94 silly placeDep ROOT async-validator@4.2.5 OK for: element-plus@2.9.6 want: ^4.2.5
95 silly placeDep ROOT dayjs@1.11.13 OK for: element-plus@2.9.6 want: ^1.11.13
96 silly placeDep ROOT lodash-es@4.17.21 OK for: element-plus@2.9.6 want: ^4.17.21
97 silly placeDep ROOT lodash-unified@1.0.3 OK for: element-plus@2.9.6 want: ^1.0.2
98 silly placeDep ROOT memoize-one@6.0.0 OK for: element-plus@2.9.6 want: ^6.0.0
99 silly placeDep ROOT normalize-wheel-es@1.2.0 OK for: element-plus@2.9.6 want: ^1.2.0
100 silly fetch manifest @floating-ui/core@^1.6.0
101 silly packumentCache full:https://registry.npmmirror.com/@floating-ui%2fcore cache-miss
102 silly fetch manifest @floating-ui/utils@^0.2.9
103 silly packumentCache full:https://registry.npmmirror.com/@floating-ui%2futils cache-miss
104 silly fetch manifest @types/web-bluetooth@^0.0.16
105 silly packumentCache full:https://registry.npmmirror.com/@types%2fweb-bluetooth cache-miss
106 silly fetch manifest @vueuse/metadata@9.13.0
107 silly packumentCache full:https://registry.npmmirror.com/@vueuse%2fmetadata cache-miss
108 silly fetch manifest @vueuse/shared@9.13.0
109 silly packumentCache full:https://registry.npmmirror.com/@vueuse%2fshared cache-miss
110 silly fetch manifest vue-demi@*
111 silly packumentCache full:https://registry.npmmirror.com/vue-demi cache-miss
112 http fetch GET 200 https://registry.npmmirror.com/@types%2fweb-bluetooth 37ms (cache miss)
113 silly packumentCache full:https://registry.npmmirror.com/@types%2fweb-bluetooth set size:11985 disposed:false
114 http fetch GET 200 https://registry.npmmirror.com/vue-demi 39ms (cache miss)
115 silly packumentCache full:https://registry.npmmirror.com/vue-demi set size:41379 disposed:false
116 http fetch GET 200 https://registry.npmmirror.com/@floating-ui%2fcore 50ms (cache miss)
117 silly packumentCache full:https://registry.npmmirror.com/@floating-ui%2fcore set size:43635 disposed:false
118 http fetch GET 200 https://registry.npmmirror.com/@floating-ui%2futils 71ms (cache miss)
119 silly packumentCache full:https://registry.npmmirror.com/@floating-ui%2futils set size:7954 disposed:false
120 http fetch GET 200 https://registry.npmmirror.com/@vueuse%2fshared 73ms (cache miss)
121 silly packumentCache full:https://registry.npmmirror.com/@vueuse%2fshared set size:128444 disposed:false
122 http fetch GET 200 https://registry.npmmirror.com/@vueuse%2fmetadata 85ms (cache miss)
123 silly packumentCache full:https://registry.npmmirror.com/@vueuse%2fmetadata set size:80748 disposed:false
124 silly placeDep ROOT @floating-ui/core@1.6.9 OK for: @floating-ui/dom@1.6.13 want: ^1.6.0
125 silly placeDep ROOT @floating-ui/utils@0.2.9 OK for: @floating-ui/dom@1.6.13 want: ^0.2.9
126 silly fetch manifest @vue/composition-api@^1.0.0-rc.1
127 silly packumentCache full:https://registry.npmmirror.com/@vue%2fcomposition-api cache-miss
128 http fetch GET 200 https://registry.npmmirror.com/@vue%2fcomposition-api 36ms (cache miss)
129 silly packumentCache full:https://registry.npmmirror.com/@vue%2fcomposition-api set size:60414 disposed:false
130 silly fetch manifest vue@>= 2.5 < 2.7
131 silly packumentCache full:https://registry.npmmirror.com/vue cache-hit
132 silly placeDep ROOT @types/web-bluetooth@0.0.16 OK for: @vueuse/core@9.13.0 want: ^0.0.16
133 silly placeDep ROOT @vueuse/metadata@9.13.0 OK for: @vueuse/core@9.13.0 want: 9.13.0
134 silly placeDep ROOT @vueuse/shared@9.13.0 OK for: @vueuse/core@9.13.0 want: 9.13.0
135 silly placeDep node_modules/@vueuse/core vue-demi@0.14.10 OK for: @vueuse/core@9.13.0 want: *
136 silly placeDep node_modules/@vueuse/shared vue-demi@0.14.10 OK for: @vueuse/shared@9.13.0 want: *
137 silly reify moves {}
138 silly audit bulk request {
138 silly audit   '@achrinza/node-ipc': [ '9.2.9' ],
138 silly audit   '@ampproject/remapping': [ '2.3.0' ],
138 silly audit   '@babel/code-frame': [ '7.26.2' ],
138 silly audit   '@babel/compat-data': [ '7.26.8' ],
138 silly audit   '@babel/core': [ '7.26.9' ],
138 silly audit   '@babel/generator': [ '7.26.9' ],
138 silly audit   '@babel/helper-annotate-as-pure': [ '7.25.9' ],
138 silly audit   '@babel/helper-compilation-targets': [ '7.26.5' ],
138 silly audit   '@babel/helper-create-class-features-plugin': [ '7.26.9' ],
138 silly audit   '@babel/helper-create-regexp-features-plugin': [ '7.26.3' ],
138 silly audit   '@babel/helper-define-polyfill-provider': [ '0.6.3' ],
138 silly audit   '@babel/helper-member-expression-to-functions': [ '7.25.9' ],
138 silly audit   '@babel/helper-module-imports': [ '7.25.9' ],
138 silly audit   '@babel/helper-module-transforms': [ '7.26.0' ],
138 silly audit   '@babel/helper-optimise-call-expression': [ '7.25.9' ],
138 silly audit   '@babel/helper-plugin-utils': [ '7.26.5' ],
138 silly audit   '@babel/helper-remap-async-to-generator': [ '7.25.9' ],
138 silly audit   '@babel/helper-replace-supers': [ '7.26.5' ],
138 silly audit   '@babel/helper-skip-transparent-expression-wrappers': [ '7.25.9' ],
138 silly audit   '@babel/helper-string-parser': [ '7.25.9' ],
138 silly audit   '@babel/helper-validator-identifier': [ '7.25.9' ],
138 silly audit   '@babel/helper-validator-option': [ '7.25.9' ],
138 silly audit   '@babel/helper-wrap-function': [ '7.25.9' ],
138 silly audit   '@babel/helpers': [ '7.26.9' ],
138 silly audit   '@babel/parser': [ '7.26.9' ],
138 silly audit   '@babel/plugin-bugfix-firefox-class-in-computed-class-key': [ '7.25.9' ],
138 silly audit   '@babel/plugin-bugfix-safari-class-field-initializer-scope': [ '7.25.9' ],
138 silly audit   '@babel/plugin-bugfix-safari-id-destructuring-collision-in-function-expression': [ '7.25.9' ],
138 silly audit   '@babel/plugin-bugfix-v8-spread-parameters-in-optional-chaining': [ '7.25.9' ],
138 silly audit   '@babel/plugin-bugfix-v8-static-class-fields-redefine-readonly': [ '7.25.9' ],
138 silly audit   '@babel/plugin-proposal-class-properties': [ '7.18.6' ],
138 silly audit   '@babel/plugin-proposal-decorators': [ '7.25.9' ],
138 silly audit   '@babel/plugin-proposal-private-property-in-object': [ '7.21.0-placeholder-for-preset-env.2' ],
138 silly audit   '@babel/plugin-syntax-decorators': [ '7.25.9' ],
138 silly audit   '@babel/plugin-syntax-dynamic-import': [ '7.8.3' ],
138 silly audit   '@babel/plugin-syntax-import-assertions': [ '7.26.0' ],
138 silly audit   '@babel/plugin-syntax-import-attributes': [ '7.26.0' ],
138 silly audit   '@babel/plugin-syntax-jsx': [ '7.25.9' ],
138 silly audit   '@babel/plugin-syntax-unicode-sets-regex': [ '7.18.6' ],
138 silly audit   '@babel/plugin-transform-arrow-functions': [ '7.25.9' ],
138 silly audit   '@babel/plugin-transform-async-generator-functions': [ '7.26.8' ],
138 silly audit   '@babel/plugin-transform-async-to-generator': [ '7.25.9' ],
138 silly audit   '@babel/plugin-transform-block-scoped-functions': [ '7.26.5' ],
138 silly audit   '@babel/plugin-transform-block-scoping': [ '7.25.9' ],
138 silly audit   '@babel/plugin-transform-class-properties': [ '7.25.9' ],
138 silly audit   '@babel/plugin-transform-class-static-block': [ '7.26.0' ],
138 silly audit   '@babel/plugin-transform-classes': [ '7.25.9' ],
138 silly audit   '@babel/plugin-transform-computed-properties': [ '7.25.9' ],
138 silly audit   '@babel/plugin-transform-destructuring': [ '7.25.9' ],
138 silly audit   '@babel/plugin-transform-dotall-regex': [ '7.25.9' ],
138 silly audit   '@babel/plugin-transform-duplicate-keys': [ '7.25.9' ],
138 silly audit   '@babel/plugin-transform-duplicate-named-capturing-groups-regex': [ '7.25.9' ],
138 silly audit   '@babel/plugin-transform-dynamic-import': [ '7.25.9' ],
138 silly audit   '@babel/plugin-transform-exponentiation-operator': [ '7.26.3' ],
138 silly audit   '@babel/plugin-transform-export-namespace-from': [ '7.25.9' ],
138 silly audit   '@babel/plugin-transform-for-of': [ '7.26.9' ],
138 silly audit   '@babel/plugin-transform-function-name': [ '7.25.9' ],
138 silly audit   '@babel/plugin-transform-json-strings': [ '7.25.9' ],
138 silly audit   '@babel/plugin-transform-literals': [ '7.25.9' ],
138 silly audit   '@babel/plugin-transform-logical-assignment-operators': [ '7.25.9' ],
138 silly audit   '@babel/plugin-transform-member-expression-literals': [ '7.25.9' ],
138 silly audit   '@babel/plugin-transform-modules-amd': [ '7.25.9' ],
138 silly audit   '@babel/plugin-transform-modules-commonjs': [ '7.26.3' ],
138 silly audit   '@babel/plugin-transform-modules-systemjs': [ '7.25.9' ],
138 silly audit   '@babel/plugin-transform-modules-umd': [ '7.25.9' ],
138 silly audit   '@babel/plugin-transform-named-capturing-groups-regex': [ '7.25.9' ],
138 silly audit   '@babel/plugin-transform-new-target': [ '7.25.9' ],
138 silly audit   '@babel/plugin-transform-nullish-coalescing-operator': [ '7.26.6' ],
138 silly audit   '@babel/plugin-transform-numeric-separator': [ '7.25.9' ],
138 silly audit   '@babel/plugin-transform-object-rest-spread': [ '7.25.9' ],
138 silly audit   '@babel/plugin-transform-object-super': [ '7.25.9' ],
138 silly audit   '@babel/plugin-transform-optional-catch-binding': [ '7.25.9' ],
138 silly audit   '@babel/plugin-transform-optional-chaining': [ '7.25.9' ],
138 silly audit   '@babel/plugin-transform-parameters': [ '7.25.9' ],
138 silly audit   '@babel/plugin-transform-private-methods': [ '7.25.9' ],
138 silly audit   '@babel/plugin-transform-private-property-in-object': [ '7.25.9' ],
138 silly audit   '@babel/plugin-transform-property-literals': [ '7.25.9' ],
138 silly audit   '@babel/plugin-transform-regenerator': [ '7.25.9' ],
138 silly audit   '@babel/plugin-transform-regexp-modifiers': [ '7.26.0' ],
138 silly audit   '@babel/plugin-transform-reserved-words': [ '7.25.9' ],
138 silly audit   '@babel/plugin-transform-runtime': [ '7.26.9' ],
138 silly audit   '@babel/plugin-transform-shorthand-properties': [ '7.25.9' ],
138 silly audit   '@babel/plugin-transform-spread': [ '7.25.9' ],
138 silly audit   '@babel/plugin-transform-sticky-regex': [ '7.25.9' ],
138 silly audit   '@babel/plugin-transform-template-literals': [ '7.26.8' ],
138 silly audit   '@babel/plugin-transform-typeof-symbol': [ '7.26.7' ],
138 silly audit   '@babel/plugin-transform-unicode-escapes': [ '7.25.9' ],
138 silly audit   '@babel/plugin-transform-unicode-property-regex': [ '7.25.9' ],
138 silly audit   '@babel/plugin-transform-unicode-regex': [ '7.25.9' ],
138 silly audit   '@babel/plugin-transform-unicode-sets-regex': [ '7.25.9' ],
138 silly audit   '@babel/preset-env': [ '7.26.9' ],
138 silly audit   'babel-plugin-polyfill-corejs3': [ '0.11.1', '0.10.6' ],
138 silly audit   '@babel/preset-modules': [ '0.1.6-no-external-plugins' ],
138 silly audit   '@babel/runtime': [ '7.26.9' ],
138 silly audit   '@babel/template': [ '7.26.9' ],
138 silly audit   '@babel/traverse': [ '7.26.9' ],
138 silly audit   '@babel/types': [ '7.26.9' ],
138 silly audit   '@discoveryjs/json-ext': [ '0.5.7' ],
138 silly audit   '@hapi/hoek': [ '9.3.0' ],
138 silly audit   '@hapi/topo': [ '5.1.0' ],
138 silly audit   '@jridgewell/gen-mapping': [ '0.3.8' ],
138 silly audit   '@jridgewell/resolve-uri': [ '3.1.2' ],
138 silly audit   '@jridgewell/set-array': [ '1.2.1' ],
138 silly audit   '@jridgewell/source-map': [ '0.3.6' ],
138 silly audit   '@jridgewell/sourcemap-codec': [ '1.5.0' ],
138 silly audit   '@jridgewell/trace-mapping': [ '0.3.25' ],
138 silly audit   '@leichtgewicht/ip-codec': [ '2.0.5' ],
138 silly audit   '@node-ipc/js-queue': [ '2.0.3' ],
138 silly audit   '@nodelib/fs.scandir': [ '2.1.5' ],
138 silly audit   '@nodelib/fs.stat': [ '2.0.5' ],
138 silly audit   '@nodelib/fs.walk': [ '1.2.8' ],
138 silly audit   '@polka/url': [ '1.0.0-next.28' ],
138 silly audit   '@sideway/address': [ '4.1.5' ],
138 silly audit   '@sideway/formula': [ '3.0.1' ],
138 silly audit   '@sideway/pinpoint': [ '2.0.0' ],
138 silly audit   '@soda/friendly-errors-webpack-plugin': [ '1.8.1' ],
138 silly audit   '@soda/get-current-script': [ '1.0.2' ],
138 silly audit   '@trysound/sax': [ '0.2.0' ],
138 silly audit   '@types/body-parser': [ '1.19.5' ],
138 silly audit   '@types/bonjour': [ '3.5.13' ],
138 silly audit   '@types/connect': [ '3.4.38' ],
138 silly audit   '@types/connect-history-api-fallback': [ '1.5.4' ],
138 silly audit   '@types/eslint': [ '9.6.1' ],
138 silly audit   '@types/eslint-scope': [ '3.7.7' ],
138 silly audit   '@types/estree': [ '1.0.6' ],
138 silly audit   '@types/express': [ '4.17.21' ],
138 silly audit   '@types/express-serve-static-core': [ '5.0.6', '4.19.6' ],
138 silly audit   '@types/html-minifier-terser': [ '6.1.0' ],
138 silly audit   '@types/http-errors': [ '2.0.4' ],
138 silly audit   '@types/http-proxy': [ '1.17.16' ],
138 silly audit   '@types/json-schema': [ '7.0.15' ],
138 silly audit   '@types/mime': [ '1.3.5' ],
138 silly audit   '@types/minimist': [ '1.2.5' ],
138 silly audit   '@types/node': [ '22.13.10' ],
138 silly audit   '@types/node-forge': [ '1.3.11' ],
138 silly audit   '@types/normalize-package-data': [ '2.4.4' ],
138 silly audit   '@types/parse-json': [ '4.0.2' ],
138 silly audit   '@types/qs': [ '6.9.18' ],
138 silly audit   '@types/range-parser': [ '1.2.7' ],
138 silly audit   '@types/retry': [ '0.12.0' ],
138 silly audit   '@types/send': [ '0.17.4' ],
138 silly audit   '@types/serve-index': [ '1.9.4' ],
138 silly audit   '@types/serve-static': [ '1.15.7' ],
138 silly audit   '@types/sockjs': [ '0.3.36' ],
138 silly audit   '@types/ws': [ '8.18.0' ],
138 silly audit   '@vue/babel-helper-vue-jsx-merge-props': [ '1.4.0' ],
138 silly audit   '@vue/babel-helper-vue-transform-on': [ '1.4.0' ],
138 silly audit   '@vue/babel-plugin-jsx': [ '1.4.0' ],
138 silly audit   '@vue/babel-plugin-resolve-type': [ '1.4.0' ],
138 silly audit   '@vue/babel-plugin-transform-vue-jsx': [ '1.4.0' ],
138 silly audit   '@vue/babel-preset-app': [ '5.0.8' ],
138 silly audit   semver: [ '7.7.1', '5.7.2', '6.3.1' ],
138 silly audit   '@vue/babel-preset-jsx': [ '1.4.0' ],
138 silly audit   '@vue/babel-sugar-composition-api-inject-h': [ '1.4.0' ],
138 silly audit   '@vue/babel-sugar-composition-api-render-instance': [ '1.4.0' ],
138 silly audit   '@vue/babel-sugar-functional-vue': [ '1.4.0' ],
138 silly audit   '@vue/babel-sugar-inject-h': [ '1.4.0' ],
138 silly audit   '@vue/babel-sugar-v-model': [ '1.4.0' ],
138 silly audit   '@vue/babel-sugar-v-on': [ '1.4.0' ],
138 silly audit   '@vue/cli-overlay': [ '5.0.8' ],
138 silly audit   '@vue/cli-plugin-babel': [ '5.0.8' ],
138 silly audit   '@vue/cli-plugin-router': [ '5.0.8' ],
138 silly audit   '@vue/cli-plugin-vuex': [ '5.0.8' ],
138 silly audit   '@vue/cli-service': [ '5.0.8' ],
138 silly audit   '@vue/cli-shared-utils': [ '5.0.8' ],
138 silly audit   chalk: [ '4.1.2', '3.0.0', '2.4.2' ],
138 silly audit   'lru-cache': [ '6.0.0', '4.1.5', '5.1.1' ],
138 silly audit   yallist: [ '4.0.0', '2.1.2', '3.1.1' ],
138 silly audit   '@vue/compiler-core': [ '3.5.13' ],
138 silly audit   '@vue/compiler-dom': [ '3.5.13' ],
138 silly audit   '@vue/compiler-sfc': [ '3.5.13' ],
138 silly audit   '@vue/compiler-ssr': [ '3.5.13' ],
138 silly audit   '@vue/component-compiler-utils': [ '3.3.0' ],
138 silly audit   'hash-sum': [ '1.0.2', '2.0.0' ],
138 silly audit   picocolors: [ '0.2.1', '1.1.1' ],
138 silly audit   postcss: [ '7.0.39', '8.5.3' ],
138 silly audit   '@vue/devtools-api': [ '6.6.4' ],
138 silly audit   '@vue/reactivity': [ '3.5.13' ],
138 silly audit   '@vue/runtime-core': [ '3.5.13' ],
138 silly audit   '@vue/runtime-dom': [ '3.5.13' ],
138 silly audit   '@vue/server-renderer': [ '3.5.13' ],
138 silly audit   '@vue/shared': [ '3.5.13' ],
138 silly audit   'vue-loader': [ '15.11.1', '17.4.2' ],
138 silly audit   '@vue/web-component-wrapper': [ '1.3.0' ],
138 silly audit   '@webassemblyjs/ast': [ '1.14.1' ],
138 silly audit   '@webassemblyjs/floating-point-hex-parser': [ '1.13.2' ],
138 silly audit   '@webassemblyjs/helper-api-error': [ '1.13.2' ],
138 silly audit   '@webassemblyjs/helper-buffer': [ '1.14.1' ],
138 silly audit   '@webassemblyjs/helper-numbers': [ '1.13.2' ],
138 silly audit   '@webassemblyjs/helper-wasm-bytecode': [ '1.13.2' ],
138 silly audit   '@webassemblyjs/helper-wasm-section': [ '1.14.1' ],
138 silly audit   '@webassemblyjs/ieee754': [ '1.13.2' ],
138 silly audit   '@webassemblyjs/leb128': [ '1.13.2' ],
138 silly audit   '@webassemblyjs/utf8': [ '1.13.2' ],
138 silly audit   '@webassemblyjs/wasm-edit': [ '1.14.1' ],
138 silly audit   '@webassemblyjs/wasm-gen': [ '1.14.1' ],
138 silly audit   '@webassemblyjs/wasm-opt': [ '1.14.1' ],
138 silly audit   '@webassemblyjs/wasm-parser': [ '1.14.1' ],
138 silly audit   '@webassemblyjs/wast-printer': [ '1.14.1' ],
138 silly audit   '@xtuc/ieee754': [ '1.2.0' ],
138 silly audit   '@xtuc/long': [ '4.2.2' ],
138 silly audit   accepts: [ '1.3.8' ],
138 silly audit   negotiator: [ '0.6.3', '0.6.4' ],
138 silly audit   acorn: [ '8.14.1' ],
138 silly audit   'acorn-walk': [ '8.3.4' ],
138 silly audit   address: [ '1.2.2' ],
138 silly audit   ajv: [ '6.12.6', '8.17.1' ],
138 silly audit   'ajv-formats': [ '2.1.1' ],
138 silly audit   'json-schema-traverse': [ '1.0.0', '0.4.1' ],
138 silly audit   'ajv-keywords': [ '3.5.2', '5.1.0' ],
138 silly audit   'ansi-escapes': [ '3.2.0' ],
138 silly audit   'ansi-html-community': [ '0.0.8' ],
138 silly audit   'ansi-regex': [ '5.0.1', '3.0.1' ],
138 silly audit   'ansi-styles': [ '4.3.0', '3.2.1' ],
138 silly audit   'any-promise': [ '1.3.0' ],
138 silly audit   anymatch: [ '3.1.3' ],
138 silly audit   arch: [ '2.2.0' ],
138 silly audit   'array-flatten': [ '1.1.1' ],
138 silly audit   'array-union': [ '2.1.0' ],
138 silly audit   async: [ '2.6.4' ],
138 silly audit   'at-least-node': [ '1.0.0' ],
138 silly audit   autoprefixer: [ '10.4.21' ],
138 silly audit   'babel-loader': [ '8.4.1' ],
138 silly audit   'loader-utils': [ '2.0.4', '1.4.2' ],
138 silly audit   'babel-plugin-dynamic-import-node': [ '2.3.3' ],
138 silly audit   'babel-plugin-polyfill-corejs2': [ '0.4.12' ],
138 silly audit   'babel-plugin-polyfill-regenerator': [ '0.6.3' ],
138 silly audit   'balanced-match': [ '1.0.2' ],
138 silly audit   'base64-js': [ '1.5.1' ],
138 silly audit   batch: [ '0.6.1' ],
138 silly audit   'big.js': [ '5.2.2' ],
138 silly audit   'binary-extensions': [ '2.3.0' ],
138 silly audit   bl: [ '4.1.0' ],
138 silly audit   bluebird: [ '3.7.2' ],
138 silly audit   'body-parser': [ '1.20.3' ],
138 silly audit   debug: [ '2.6.9', '4.4.0', '3.2.7' ],
138 silly audit   ms: [ '2.0.0', '2.1.3' ],
138 silly audit   'bonjour-service': [ '1.3.0' ],
138 silly audit   boolbase: [ '1.0.0' ],
138 silly audit   'brace-expansion': [ '1.1.11' ],
138 silly audit   braces: [ '3.0.3' ],
138 silly audit   browserslist: [ '4.24.4' ],
138 silly audit   buffer: [ '5.7.1' ],
138 silly audit   'buffer-from': [ '1.1.2' ],
138 silly audit   bytes: [ '3.1.2' ],
138 silly audit   'call-bind': [ '1.0.8' ],
138 silly audit   'call-bind-apply-helpers': [ '1.0.2' ],
138 silly audit   'call-bound': [ '1.0.4' ],
138 silly audit   callsites: [ '3.1.0' ],
138 silly audit   'camel-case': [ '4.1.2' ],
138 silly audit   camelcase: [ '5.3.1' ],
138 silly audit   'caniuse-api': [ '3.0.0' ],
138 silly audit   'caniuse-lite': [ '1.0.30001703' ],
138 silly audit   'case-sensitive-paths-webpack-plugin': [ '2.4.0' ],
138 silly audit   chokidar: [ '3.6.0' ],
138 silly audit   'glob-parent': [ '5.1.2', '6.0.2' ],
138 silly audit   'chrome-trace-event': [ '1.0.4' ],
138 silly audit   'clean-css': [ '5.3.3' ],
138 silly audit   'cli-cursor': [ '3.1.0', '2.1.0' ],
138 silly audit   'cli-highlight': [ '2.1.11' ],
138 silly audit   'cli-spinners': [ '2.9.2' ],
138 silly audit   clipboardy: [ '2.3.0' ],
138 silly audit   cliui: [ '7.0.4' ],
138 silly audit   clone: [ '1.0.4' ],
138 silly audit   'clone-deep': [ '4.0.1' ],
138 silly audit   'color-convert': [ '2.0.1', '1.9.3' ],
138 silly audit   'color-name': [ '1.1.4', '1.1.3' ],
138 silly audit   colord: [ '2.9.3' ],
138 silly audit   colorette: [ '2.0.20' ],
138 silly audit   commander: [ '8.3.0', '7.2.0', '2.20.3' ],
138 silly audit   commondir: [ '1.0.1' ],
138 silly audit   compressible: [ '2.0.18' ],
138 silly audit   compression: [ '1.8.0' ],
138 silly audit   'concat-map': [ '0.0.1' ],
138 silly audit   'connect-history-api-fallback': [ '2.0.0' ],
138 silly audit   consolidate: [ '0.15.1' ],
138 silly audit   'content-disposition': [ '0.5.4' ],
138 silly audit   'content-type': [ '1.0.5' ],
138 silly audit   'convert-source-map': [ '2.0.0' ],
138 silly audit   cookie: [ '0.7.1' ],
138 silly audit   'cookie-signature': [ '1.0.6' ],
138 silly audit   'copy-anything': [ '2.0.6' ],
138 silly audit   'copy-webpack-plugin': [ '9.1.0' ],
138 silly audit   'schema-utils': [ '3.3.0', '4.3.0', '2.7.1' ],
138 silly audit   'core-js': [ '3.41.0' ],
138 silly audit   'core-js-compat': [ '3.41.0' ],
138 silly audit   'core-util-is': [ '1.0.3' ],
138 silly audit   cosmiconfig: [ '7.1.0' ],
138 silly audit   'cross-spawn': [ '6.0.6', '7.0.6' ],
138 silly audit   'css-declaration-sorter': [ '6.4.1' ],
138 silly audit   'css-loader': [ '6.11.0' ],
138 silly audit   'css-minimizer-webpack-plugin': [ '3.4.1' ],
138 silly audit   'css-select': [ '4.3.0' ],
138 silly audit   'css-tree': [ '1.1.3' ],
138 silly audit   'css-what': [ '6.1.0' ],
138 silly audit   cssesc: [ '3.0.0' ],
138 silly audit   cssnano: [ '5.1.15' ],
138 silly audit   'cssnano-preset-default': [ '5.2.14' ],
138 silly audit   'cssnano-utils': [ '3.1.0' ],
138 silly audit   csso: [ '4.2.0' ],
138 silly audit   csstype: [ '3.1.3' ],
138 silly audit   debounce: [ '1.2.1' ],
138 silly audit   deepmerge: [ '1.5.2' ],
138 silly audit   'default-gateway': [ '6.0.3' ],
138 silly audit   execa: [ '5.1.1', '1.0.0' ],
138 silly audit   'get-stream': [ '6.0.1', '4.1.0' ],
138 silly audit   'is-stream': [ '2.0.1', '1.1.0' ],
138 silly audit   'npm-run-path': [ '4.0.1', '2.0.2' ],
138 silly audit   'path-key': [ '3.1.1', '2.0.1' ],
138 silly audit   'shebang-command': [ '2.0.0', '1.2.0' ],
138 silly audit   'shebang-regex': [ '3.0.0', '1.0.0' ],
138 silly audit   which: [ '2.0.2', '1.3.1' ],
138 silly audit   defaults: [ '1.0.4' ],
138 silly audit   'define-data-property': [ '1.1.4' ],
138 silly audit   'define-lazy-prop': [ '2.0.0' ],
138 silly audit   'define-properties': [ '1.2.1' ],
138 silly audit   depd: [ '2.0.0', '1.1.2' ],
138 silly audit   destroy: [ '1.2.0' ],
138 silly audit   'detect-node': [ '2.1.0' ],
138 silly audit   'dir-glob': [ '3.0.1' ],
138 silly audit   'dns-packet': [ '5.6.1' ],
138 silly audit   'dom-converter': [ '0.2.0' ],
138 silly audit   'dom-serializer': [ '1.4.1' ],
138 silly audit   entities: [ '2.2.0', '4.5.0' ],
138 silly audit   domelementtype: [ '2.3.0' ],
138 silly audit   domhandler: [ '4.3.1' ],
138 silly audit   domutils: [ '2.8.0' ],
138 silly audit   'dot-case': [ '3.0.4' ],
138 silly audit   dotenv: [ '10.0.0' ],
138 silly audit   'dotenv-expand': [ '5.1.0' ],
138 silly audit   'dunder-proto': [ '1.0.1' ],
138 silly audit   duplexer: [ '0.1.2' ],
138 silly audit   'easy-stack': [ '1.0.1' ],
138 silly audit   'ee-first': [ '1.1.1' ],
138 silly audit   'electron-to-chromium': [ '1.5.114' ],
138 silly audit   'emoji-regex': [ '8.0.0' ],
138 silly audit   'emojis-list': [ '3.0.0' ],
138 silly audit   encodeurl: [ '2.0.0', '1.0.2' ],
138 silly audit   'end-of-stream': [ '1.4.4' ],
138 silly audit   'enhanced-resolve': [ '5.18.1' ],
138 silly audit   errno: [ '0.1.8' ],
138 silly audit   'error-ex': [ '1.3.2' ],
138 silly audit   'error-stack-parser': [ '2.1.4' ],
138 silly audit   'es-define-property': [ '1.0.1' ],
138 silly audit   'es-errors': [ '1.3.0' ],
138 silly audit   'es-module-lexer': [ '1.6.0' ],
138 silly audit   'es-object-atoms': [ '1.1.1' ],
138 silly audit   escalade: [ '3.2.0' ],
138 silly audit   'escape-html': [ '1.0.3' ],
138 silly audit   'escape-string-regexp': [ '1.0.5', '4.0.0' ],
138 silly audit   'eslint-scope': [ '5.1.1' ],
138 silly audit   esrecurse: [ '4.3.0' ],
138 silly audit   estraverse: [ '5.3.0', '4.3.0' ],
138 silly audit   'estree-walker': [ '2.0.2' ],
138 silly audit   esutils: [ '2.0.3' ],
138 silly audit   etag: [ '1.8.1' ],
138 silly audit   'event-pubsub': [ '4.3.0' ],
138 silly audit   eventemitter3: [ '4.0.7' ],
138 silly audit   events: [ '3.3.0' ],
138 silly audit   express: [ '4.21.2' ],
138 silly audit   'fast-deep-equal': [ '3.1.3' ],
138 silly audit   'fast-glob': [ '3.3.3' ],
138 silly audit   'fast-json-stable-stringify': [ '2.1.0' ],
138 silly audit   'fast-uri': [ '3.0.6' ],
138 silly audit   fastq: [ '1.19.1' ],
138 silly audit   'faye-websocket': [ '0.11.4' ],
138 silly audit   figures: [ '2.0.0' ],
138 silly audit   'fill-range': [ '7.1.1' ],
138 silly audit   finalhandler: [ '1.3.1' ],
138 silly audit   'find-cache-dir': [ '3.3.2' ],
138 silly audit   'find-up': [ '4.1.0' ],
138 silly audit   flat: [ '5.0.2' ],
138 silly audit   'follow-redirects': [ '1.15.9' ],
138 silly audit   forwarded: [ '0.2.0' ],
138 silly audit   'fraction.js': [ '4.3.7' ],
138 silly audit   fresh: [ '0.5.2' ],
138 silly audit   'fs-extra': [ '9.1.0' ],
138 silly audit   'fs-monkey': [ '1.0.6' ],
138 silly audit   'fs.realpath': [ '1.0.0' ],
138 silly audit   fsevents: [ '2.3.3' ],
138 silly audit   'function-bind': [ '1.1.2' ],
138 silly audit   gensync: [ '1.0.0-beta.2' ],
138 silly audit   'get-caller-file': [ '2.0.5' ],
138 silly audit   'get-intrinsic': [ '1.3.0' ],
138 silly audit   'get-proto': [ '1.0.1' ],
138 silly audit   glob: [ '7.2.3' ],
138 silly audit   'glob-to-regexp': [ '0.4.1' ],
138 silly audit   globals: [ '11.12.0' ],
138 silly audit   globby: [ '11.1.0' ],
138 silly audit   gopd: [ '1.2.0' ],
138 silly audit   'graceful-fs': [ '4.2.11' ],
138 silly audit   'gzip-size': [ '6.0.0' ],
138 silly audit   'handle-thing': [ '2.0.1' ],
138 silly audit   'has-flag': [ '4.0.0', '3.0.0' ],
138 silly audit   'has-property-descriptors': [ '1.0.2' ],
138 silly audit   'has-symbols': [ '1.1.0' ],
138 silly audit   hasown: [ '2.0.2' ],
138 silly audit   he: [ '1.2.0' ],
138 silly audit   'highlight.js': [ '10.7.3' ],
138 silly audit   'hosted-git-info': [ '2.8.9' ],
138 silly audit   'hpack.js': [ '2.1.6' ],
138 silly audit   'readable-stream': [ '2.3.8', '3.6.2' ],
138 silly audit   'safe-buffer': [ '5.1.2', '5.2.1' ],
138 silly audit   string_decoder: [ '1.1.1', '1.3.0' ],
138 silly audit   'html-entities': [ '2.5.2' ],
138 silly audit   'html-escaper': [ '2.0.2' ],
138 silly audit   'html-minifier-terser': [ '6.1.0' ],
138 silly audit   'html-tags': [ '2.0.0' ],
138 silly audit   'html-webpack-plugin': [ '5.6.3' ],
138 silly audit   htmlparser2: [ '6.1.0' ],
138 silly audit   'http-deceiver': [ '1.2.7' ],
138 silly audit   'http-errors': [ '2.0.0', '1.6.3' ],
138 silly audit   'http-parser-js': [ '0.5.9' ],
138 silly audit   'http-proxy': [ '1.18.1' ],
138 silly audit   'http-proxy-middleware': [ '2.0.7' ],
138 silly audit   'human-signals': [ '2.1.0' ],
138 silly audit   'iconv-lite': [ '0.4.24', '0.6.3' ],
138 silly audit   'icss-utils': [ '5.1.0' ],
138 silly audit   ieee754: [ '1.2.1' ],
138 silly audit   ignore: [ '5.3.2' ],
138 silly audit   'image-size': [ '0.5.5' ],
138 silly audit   'import-fresh': [ '3.3.1' ],
138 silly audit   inflight: [ '1.0.6' ],
138 silly audit   inherits: [ '2.0.4', '2.0.3' ],
138 silly audit   'ipaddr.js': [ '2.2.0', '1.9.1' ],
138 silly audit   'is-arrayish': [ '0.2.1' ],
138 silly audit   'is-binary-path': [ '2.1.0' ],
138 silly audit   'is-core-module': [ '2.16.1' ],
138 silly audit   'is-docker': [ '2.2.1' ],
138 silly audit   'is-extglob': [ '2.1.1' ],
138 silly audit   'is-file-esm': [ '1.0.0' ],
138 silly audit   'is-fullwidth-code-point': [ '3.0.0', '2.0.0' ],
138 silly audit   'is-glob': [ '4.0.3' ],
138 silly audit   'is-interactive': [ '1.0.0' ],
138 silly audit   'is-number': [ '7.0.0' ],
138 silly audit   'is-plain-obj': [ '3.0.0' ],
138 silly audit   'is-plain-object': [ '2.0.4' ],
138 silly audit   'is-unicode-supported': [ '0.1.0' ],
138 silly audit   'is-what': [ '3.14.1' ],
138 silly audit   'is-wsl': [ '2.2.0' ],
138 silly audit   isarray: [ '1.0.0' ],
138 silly audit   isexe: [ '2.0.0' ],
138 silly audit   isobject: [ '3.0.1' ],
138 silly audit   'javascript-stringify': [ '2.1.0' ],
138 silly audit   'jest-worker': [ '27.5.1' ],
138 silly audit   'supports-color': [ '8.1.1', '5.5.0', '7.2.0' ],
138 silly audit   joi: [ '17.13.3' ],
138 silly audit   'js-message': [ '1.0.7' ],
138 silly audit   'js-tokens': [ '4.0.0' ],
138 silly audit   jsesc: [ '3.1.0', '3.0.2' ],
138 silly audit   'json-parse-better-errors': [ '1.0.2' ],
138 silly audit   'json-parse-even-better-errors': [ '2.3.1' ],
138 silly audit   json5: [ '2.2.3', '1.0.2' ],
138 silly audit   jsonfile: [ '6.1.0' ],
138 silly audit   'kind-of': [ '6.0.3' ],
138 silly audit   klona: [ '2.0.6' ],
138 silly audit   'launch-editor': [ '2.10.0' ],
138 silly audit   'launch-editor-middleware': [ '2.10.0' ],
138 silly audit   less: [ '4.2.2' ],
138 silly audit   'less-loader': [ '8.1.1' ],
138 silly audit   'make-dir': [ '2.1.0', '3.1.0' ],
138 silly audit   lilconfig: [ '2.1.0' ],
138 silly audit   'lines-and-columns': [ '1.2.4' ],
138 silly audit   'loader-runner': [ '4.3.0' ],
138 silly audit   'locate-path': [ '5.0.0' ],
138 silly audit   lodash: [ '4.17.21' ],
138 silly audit   'lodash.debounce': [ '4.0.8' ],
138 silly audit   'lodash.defaultsdeep': [ '4.6.1' ],
138 silly audit   'lodash.kebabcase': [ '4.1.1' ],
138 silly audit   'lodash.mapvalues': [ '4.6.0' ],
138 silly audit   'lodash.memoize': [ '4.1.2' ],
138 silly audit   'lodash.uniq': [ '4.5.0' ],
138 silly audit   'log-symbols': [ '4.1.0' ],
138 silly audit   'log-update': [ '2.3.0' ],
138 silly audit   'mimic-fn': [ '1.2.0', '2.1.0' ],
138 silly audit   onetime: [ '2.0.1', '5.1.2' ],
138 silly audit   'restore-cursor': [ '2.0.0', '3.1.0' ],
138 silly audit   'string-width': [ '2.1.1', '4.2.3' ],
138 silly audit   'strip-ansi': [ '4.0.0', '6.0.1' ],
138 silly audit   'wrap-ansi': [ '3.0.1', '7.0.0' ],
138 silly audit   'lower-case': [ '2.0.2' ],
138 silly audit   'magic-string': [ '0.30.17' ],
138 silly audit   'math-intrinsics': [ '1.1.0' ],
138 silly audit   'mdn-data': [ '2.0.14' ],
138 silly audit   'media-typer': [ '0.3.0' ],
138 silly audit   memfs: [ '3.5.3' ],
138 silly audit   'merge-descriptors': [ '1.0.3' ],
138 silly audit   'merge-source-map': [ '1.1.0' ],
138 silly audit   'merge-stream': [ '2.0.0' ],
138 silly audit   merge2: [ '1.4.1' ],
138 silly audit   methods: [ '1.1.2' ],
138 silly audit   micromatch: [ '4.0.8' ],
138 silly audit   mime: [ '1.6.0' ],
138 silly audit   'mime-db': [ '1.52.0' ],
138 silly audit   'mime-types': [ '2.1.35' ],
138 silly audit   'mini-css-extract-plugin': [ '2.9.2' ],
138 silly audit   'minimalistic-assert': [ '1.0.1' ],
138 silly audit   minimatch: [ '3.1.2' ],
138 silly audit   minimist: [ '1.2.8' ],
138 silly audit   minipass: [ '3.3.6' ],
138 silly audit   mkdirp: [ '0.5.6' ],
138 silly audit   'module-alias': [ '2.2.3' ],
138 silly audit   mrmime: [ '2.0.1' ],
138 silly audit   'multicast-dns': [ '7.2.5' ],
138 silly audit   mz: [ '2.7.0' ],
138 silly audit   nanoid: [ '3.3.9' ],
138 silly audit   needle: [ '3.3.1' ],
138 silly audit   'neo-async': [ '2.6.2' ],
138 silly audit   'nice-try': [ '1.0.5' ],
138 silly audit   'no-case': [ '3.0.4' ],
138 silly audit   'node-fetch': [ '2.7.0' ],
138 silly audit   'node-forge': [ '1.3.1' ],
138 silly audit   'node-releases': [ '2.0.19' ],
138 silly audit   'normalize-package-data': [ '2.5.0' ],
138 silly audit   'normalize-path': [ '3.0.0' ],
138 silly audit   'normalize-range': [ '0.1.2' ],
138 silly audit   'normalize-url': [ '6.1.0' ],
138 silly audit   'nth-check': [ '2.1.1' ],
138 silly audit   'object-assign': [ '4.1.1' ],
138 silly audit   'object-inspect': [ '1.13.4' ],
138 silly audit   'object-keys': [ '1.1.1' ],
138 silly audit   'object.assign': [ '4.1.7' ],
138 silly audit   obuf: [ '1.1.2' ],
138 silly audit   'on-finished': [ '2.4.1' ],
138 silly audit   'on-headers': [ '1.0.2' ],
138 silly audit   once: [ '1.4.0' ],
138 silly audit   open: [ '8.4.2' ],
138 silly audit   opener: [ '1.5.2' ],
138 silly audit   ora: [ '5.4.1' ],
138 silly audit   'p-finally': [ '1.0.0' ],
138 silly audit   'p-limit': [ '2.3.0' ],
138 silly audit   'p-locate': [ '4.1.0' ],
138 silly audit   'p-retry': [ '4.6.2' ],
138 silly audit   'p-try': [ '2.2.0' ],
138 silly audit   'param-case': [ '3.0.4' ],
138 silly audit   'parent-module': [ '1.0.1' ],
138 silly audit   'parse-json': [ '5.2.0' ],
138 silly audit   'parse-node-version': [ '1.0.1' ],
138 silly audit   parse5: [ '5.1.1', '6.0.1' ],
138 silly audit   'parse5-htmlparser2-tree-adapter': [ '6.0.1' ],
138 silly audit   parseurl: [ '1.3.3' ],
138 silly audit   'pascal-case': [ '3.1.2' ],
138 silly audit   'path-exists': [ '4.0.0' ],
138 silly audit   'path-is-absolute': [ '1.0.1' ],
138 silly audit   'path-parse': [ '1.0.7' ],
138 silly audit   'path-to-regexp': [ '0.1.12' ],
138 silly audit   'path-type': [ '4.0.0' ],
138 silly audit   picomatch: [ '2.3.1' ],
138 silly audit   pify: [ '4.0.1' ],
138 silly audit   'pkg-dir': [ '4.2.0' ],
138 silly audit   portfinder: [ '1.0.33' ],
138 silly audit   'postcss-calc': [ '8.2.4' ],
138 silly audit   'postcss-colormin': [ '5.3.1' ],
138 silly audit   'postcss-convert-values': [ '5.1.3' ],
138 silly audit   'postcss-discard-comments': [ '5.1.2' ],
138 silly audit   'postcss-discard-duplicates': [ '5.1.0' ],
138 silly audit   'postcss-discard-empty': [ '5.1.1' ],
138 silly audit   'postcss-discard-overridden': [ '5.1.0' ],
138 silly audit   'postcss-loader': [ '6.2.1' ],
138 silly audit   'postcss-merge-longhand': [ '5.1.7' ],
138 silly audit   'postcss-merge-rules': [ '5.1.4' ],
138 silly audit   'postcss-minify-font-values': [ '5.1.0' ],
138 silly audit   'postcss-minify-gradients': [ '5.1.1' ],
138 silly audit   'postcss-minify-params': [ '5.1.4' ],
138 silly audit   'postcss-minify-selectors': [ '5.2.1' ],
138 silly audit   'postcss-modules-extract-imports': [ '3.1.0' ],
138 silly audit   'postcss-modules-local-by-default': [ '4.2.0' ],
138 silly audit   'postcss-selector-parser': [ '7.1.0', '6.1.2' ],
138 silly audit   'postcss-modules-scope': [ '3.2.1' ],
138 silly audit   'postcss-modules-values': [ '4.0.0' ],
138 silly audit   'postcss-normalize-charset': [ '5.1.0' ],
138 silly audit   'postcss-normalize-display-values': [ '5.1.0' ],
138 silly audit   'postcss-normalize-positions': [ '5.1.1' ],
138 silly audit   'postcss-normalize-repeat-style': [ '5.1.1' ],
138 silly audit   'postcss-normalize-string': [ '5.1.0' ],
138 silly audit   'postcss-normalize-timing-functions': [ '5.1.0' ],
138 silly audit   'postcss-normalize-unicode': [ '5.1.1' ],
138 silly audit   'postcss-normalize-url': [ '5.1.0' ],
138 silly audit   'postcss-normalize-whitespace': [ '5.1.1' ],
138 silly audit   'postcss-ordered-values': [ '5.1.3' ],
138 silly audit   'postcss-reduce-initial': [ '5.1.2' ],
138 silly audit   'postcss-reduce-transforms': [ '5.1.0' ],
138 silly audit   'postcss-svgo': [ '5.1.0' ],
138 silly audit   'postcss-unique-selectors': [ '5.1.1' ],
138 silly audit   'postcss-value-parser': [ '4.2.0' ],
138 silly audit   prettier: [ '2.8.8' ],
138 silly audit   'pretty-error': [ '4.0.0' ],
138 silly audit   'process-nextick-args': [ '2.0.1' ],
138 silly audit   'progress-webpack-plugin': [ '1.0.16' ],
138 silly audit   'proxy-addr': [ '2.0.7' ],
138 silly audit   prr: [ '1.0.1' ],
138 silly audit   pseudomap: [ '1.0.2' ],
138 silly audit   pump: [ '3.0.2' ],
138 silly audit   punycode: [ '2.3.1' ],
138 silly audit   qs: [ '6.13.0' ],
138 silly audit   'queue-microtask': [ '1.2.3' ],
138 silly audit   randombytes: [ '2.1.0' ],
138 silly audit   'range-parser': [ '1.2.1' ],
138 silly audit   'raw-body': [ '2.5.2' ],
138 silly audit   'read-pkg': [ '5.2.0' ],
138 silly audit   'read-pkg-up': [ '7.0.1' ],
138 silly audit   'type-fest': [ '0.8.1', '0.6.0' ],
138 silly audit   readdirp: [ '3.6.0' ],
138 silly audit   regenerate: [ '1.4.2' ],
138 silly audit   'regenerate-unicode-properties': [ '10.2.0' ],
138 silly audit   'regenerator-runtime': [ '0.14.1' ],
138 silly audit   'regenerator-transform': [ '0.15.2' ],
138 silly audit   'regexpu-core': [ '6.2.0' ],
138 silly audit   regjsgen: [ '0.8.0' ],
138 silly audit   regjsparser: [ '0.12.0' ],
138 silly audit   relateurl: [ '0.2.7' ],
138 silly audit   renderkid: [ '3.0.0' ],
138 silly audit   'require-directory': [ '2.1.1' ],
138 silly audit   'require-from-string': [ '2.0.2' ],
138 silly audit   'requires-port': [ '1.0.0' ],
138 silly audit   resolve: [ '1.22.10' ],
138 silly audit   'resolve-from': [ '4.0.0' ],
138 silly audit   retry: [ '0.13.1' ],
138 silly audit   reusify: [ '1.1.0' ],
138 silly audit   rimraf: [ '3.0.2' ],
138 silly audit   'run-parallel': [ '1.2.0' ],
138 silly audit   'safer-buffer': [ '2.1.2' ],
138 silly audit   sax: [ '1.4.1' ],
138 silly audit   'select-hose': [ '2.0.0' ],
138 silly audit   selfsigned: [ '2.4.1' ],
138 silly audit   send: [ '0.19.0' ],
138 silly audit   'serialize-javascript': [ '6.0.2' ],
138 silly audit   'serve-index': [ '1.9.1' ],
138 silly audit   setprototypeof: [ '1.1.0', '1.2.0' ],
138 silly audit   statuses: [ '1.5.0', '2.0.1' ],
138 silly audit   'serve-static': [ '1.16.2' ],
138 silly audit   'set-function-length': [ '1.2.2' ],
138 silly audit   'shallow-clone': [ '3.0.1' ],
138 silly audit   'shell-quote': [ '1.8.2' ],
138 silly audit   'side-channel': [ '1.1.0' ],
138 silly audit   'side-channel-list': [ '1.0.0' ],
138 silly audit   'side-channel-map': [ '1.0.1' ],
138 silly audit   'side-channel-weakmap': [ '1.0.2' ],
138 silly audit   'signal-exit': [ '3.0.7' ],
138 silly audit   sirv: [ '2.0.4' ],
138 silly audit   slash: [ '3.0.0' ],
138 silly audit   sockjs: [ '0.3.24' ],
138 silly audit   'source-map': [ '0.6.1' ],
138 silly audit   'source-map-js': [ '1.2.1' ],
138 silly audit   'source-map-support': [ '0.5.21' ],
138 silly audit   'spdx-correct': [ '3.2.0' ],
138 silly audit   'spdx-exceptions': [ '2.5.0' ],
138 silly audit   'spdx-expression-parse': [ '3.0.1' ],
138 silly audit   'spdx-license-ids': [ '3.0.21' ],
138 silly audit   spdy: [ '4.0.2' ],
138 silly audit   'spdy-transport': [ '3.0.0' ],
138 silly audit   ssri: [ '8.0.1' ],
138 silly audit   stable: [ '0.1.8' ],
138 silly audit   stackframe: [ '1.3.4' ],
138 silly audit   'strip-eof': [ '1.0.0' ],
138 silly audit   'strip-final-newline': [ '2.0.0' ],
138 silly audit   stylehacks: [ '5.1.1' ],
138 silly audit   'supports-preserve-symlinks-flag': [ '1.0.0' ],
138 silly audit   'svg-tags': [ '1.0.0' ],
138 silly audit   svgo: [ '2.8.0' ],
138 silly audit   tapable: [ '2.2.1' ],
138 silly audit   terser: [ '5.39.0' ],
138 silly audit   'terser-webpack-plugin': [ '5.3.14' ],
138 silly audit   thenify: [ '3.3.1' ],
138 silly audit   'thenify-all': [ '1.6.0' ],
138 silly audit   'thread-loader': [ '3.0.4' ],
138 silly audit   thunky: [ '1.1.0' ],
138 silly audit   'to-regex-range': [ '5.0.1' ],
138 silly audit   toidentifier: [ '1.0.1' ],
138 silly audit   totalist: [ '3.0.1' ],
138 silly audit   tr46: [ '0.0.3' ],
138 silly audit   tslib: [ '2.8.1' ],
138 silly audit   'type-is': [ '1.6.18' ],
138 silly audit   'undici-types': [ '6.20.0' ],
138 silly audit   'unicode-canonical-property-names-ecmascript': [ '2.0.1' ],
138 silly audit   'unicode-match-property-ecmascript': [ '2.0.0' ],
138 silly audit   'unicode-match-property-value-ecmascript': [ '2.2.0' ],
138 silly audit   'unicode-property-aliases-ecmascript': [ '2.1.0' ],
138 silly audit   universalify: [ '2.0.1' ],
138 silly audit   unpipe: [ '1.0.0' ],
138 silly audit   'update-browserslist-db': [ '1.1.3' ],
138 silly audit   'uri-js': [ '4.4.1' ],
138 silly audit   'util-deprecate': [ '1.0.2' ],
138 silly audit   utila: [ '0.4.0' ],
138 silly audit   'utils-merge': [ '1.0.1' ],
138 silly audit   uuid: [ '8.3.2' ],
138 silly audit   'validate-npm-package-license': [ '3.0.4' ],
138 silly audit   vary: [ '1.1.2' ],
138 silly audit   vue: [ '3.5.13' ],
138 silly audit   'vue-hot-reload-api': [ '2.3.4' ],
138 silly audit   'vue-router': [ '4.5.0' ],
138 silly audit   'vue-style-loader': [ '4.1.3' ],
138 silly audit   'vue-template-es2015-compiler': [ '1.9.1' ],
138 silly audit   vuex: [ '4.1.0' ],
138 silly audit   watchpack: [ '2.4.2' ],
138 silly audit   wbuf: [ '1.7.3' ],
138 silly audit   wcwidth: [ '1.0.1' ],
138 silly audit   'webidl-conversions': [ '3.0.1' ],
138 silly audit   webpack: [ '5.98.0' ],
138 silly audit   'webpack-bundle-analyzer': [ '4.10.2' ],
138 silly audit   'webpack-chain': [ '6.5.1' ],
138 silly audit   'webpack-dev-middleware': [ '5.3.4' ],
138 silly audit   'webpack-dev-server': [ '4.15.2' ],
138 silly audit   ws: [ '8.18.1', '7.5.10' ],
138 silly audit   'webpack-merge': [ '5.10.0' ],
138 silly audit   'webpack-sources': [ '3.2.3' ],
138 silly audit   'webpack-virtual-modules': [ '0.4.6' ],
138 silly audit   'websocket-driver': [ '0.7.4' ],
138 silly audit   'websocket-extensions': [ '0.1.4' ],
138 silly audit   'whatwg-fetch': [ '3.6.20' ],
138 silly audit   'whatwg-url': [ '5.0.0' ],
138 silly audit   wildcard: [ '2.0.1' ],
138 silly audit   wrappy: [ '1.0.2' ],
138 silly audit   y18n: [ '5.0.8' ],
138 silly audit   yaml: [ '1.10.2' ],
138 silly audit   yargs: [ '16.2.0' ],
138 silly audit   'yargs-parser': [ '20.2.9' ],
138 silly audit   'element-plus': [ '2.9.6' ],
138 silly audit   '@ctrl/tinycolor': [ '3.6.1' ],
138 silly audit   '@element-plus/icons-vue': [ '2.3.1' ],
138 silly audit   '@floating-ui/dom': [ '1.6.13' ],
138 silly audit   '@sxzz/popperjs-es': [ '2.11.7' ],
138 silly audit   '@types/lodash': [ '4.17.16' ],
138 silly audit   '@types/lodash-es': [ '4.17.12' ],
138 silly audit   '@vueuse/core': [ '9.13.0' ],
138 silly audit   'async-validator': [ '4.2.5' ],
138 silly audit   dayjs: [ '1.11.13' ],
138 silly audit   'lodash-es': [ '4.17.21' ],
138 silly audit   'lodash-unified': [ '1.0.3' ],
138 silly audit   'memoize-one': [ '6.0.0' ],
138 silly audit   'normalize-wheel-es': [ '1.2.0' ],
138 silly audit   '@floating-ui/core': [ '1.6.9' ],
138 silly audit   '@floating-ui/utils': [ '0.2.9' ],
138 silly audit   '@types/web-bluetooth': [ '0.0.16' ],
138 silly audit   '@vueuse/metadata': [ '9.13.0' ],
138 silly audit   '@vueuse/shared': [ '9.13.0' ],
138 silly audit   'vue-demi': [ '0.14.10' ]
138 silly audit }
139 verbose reify failed optional dependency D:\ToBeProgrammer\learnHtml\htmlProject\htmlPractice\网易严选vue3\vue3-yanxuan\node_modules\fsevents
140 silly reify mark deleted [
140 silly reify   'D:\\ToBeProgrammer\\learnHtml\\htmlProject\\htmlPractice\\网易严选vue3\\vue3-yanxuan\\node_modules\\fsevents'
140 silly reify ]
141 http cache @vueuse/metadata@https://registry.npmmirror.com/@vueuse/metadata/-/metadata-9.13.0.tgz 1ms (cache hit)
142 http cache @types/web-bluetooth@https://registry.npmmirror.com/@types/web-bluetooth/-/web-bluetooth-0.0.16.tgz 0ms (cache hit)
143 http cache @vueuse/shared@https://registry.npmmirror.com/@vueuse/shared/-/shared-9.13.0.tgz 0ms (cache hit)
144 http cache @floating-ui/utils@https://registry.npmmirror.com/@floating-ui/utils/-/utils-0.2.9.tgz 0ms (cache hit)
145 http cache normalize-wheel-es@https://registry.npmmirror.com/normalize-wheel-es/-/normalize-wheel-es-1.2.0.tgz 0ms (cache hit)
146 http cache @floating-ui/core@https://registry.npmmirror.com/@floating-ui/core/-/core-1.6.9.tgz 0ms (cache hit)
147 http cache memoize-one@https://registry.npmmirror.com/memoize-one/-/memoize-one-6.0.0.tgz 0ms (cache hit)
148 http cache lodash-unified@https://registry.npmmirror.com/lodash-unified/-/lodash-unified-1.0.3.tgz 0ms (cache hit)
149 http cache lodash-es@https://registry.npmmirror.com/lodash-es/-/lodash-es-4.17.21.tgz 0ms (cache hit)
150 http cache async-validator@https://registry.npmmirror.com/async-validator/-/async-validator-4.2.5.tgz 0ms (cache hit)
151 http cache dayjs@https://registry.npmmirror.com/dayjs/-/dayjs-1.11.13.tgz 0ms (cache hit)
152 http cache @vueuse/core@https://registry.npmmirror.com/@vueuse/core/-/core-9.13.0.tgz 0ms (cache hit)
153 http cache @types/lodash-es@https://registry.npmmirror.com/@types/lodash-es/-/lodash-es-4.17.12.tgz 0ms (cache hit)
154 http cache @popperjs/core@https://registry.npmmirror.com/@sxzz/popperjs-es/-/popperjs-es-2.11.7.tgz 0ms (cache hit)
155 http cache @types/lodash@https://registry.npmmirror.com/@types/lodash/-/lodash-4.17.16.tgz 0ms (cache hit)
156 http cache @floating-ui/dom@https://registry.npmmirror.com/@floating-ui/dom/-/dom-1.6.13.tgz 0ms (cache hit)
157 http cache @ctrl/tinycolor@https://registry.npmmirror.com/@ctrl/tinycolor/-/tinycolor-3.6.1.tgz 0ms (cache hit)
158 http cache @element-plus/icons-vue@https://registry.npmmirror.com/@element-plus/icons-vue/-/icons-vue-2.3.1.tgz 0ms (cache hit)
159 http cache element-plus@https://registry.npmmirror.com/element-plus/-/element-plus-2.9.6.tgz 0ms (cache hit)
160 http cache vue-demi@https://registry.npmmirror.com/vue-demi/-/vue-demi-0.14.10.tgz 0ms (cache hit)
161 http cache vue-demi@https://registry.npmmirror.com/vue-demi/-/vue-demi-0.14.10.tgz 0ms (cache hit)
162 silly tarball no local data for @vueuse/metadata@https://registry.npmmirror.com/@vueuse/metadata/-/metadata-9.13.0.tgz. Extracting by manifest.
163 silly tarball no local data for @vueuse/shared@https://registry.npmmirror.com/@vueuse/shared/-/shared-9.13.0.tgz. Extracting by manifest.
164 silly tarball no local data for @types/web-bluetooth@https://registry.npmmirror.com/@types/web-bluetooth/-/web-bluetooth-0.0.16.tgz. Extracting by manifest.
165 silly tarball no local data for @floating-ui/utils@https://registry.npmmirror.com/@floating-ui/utils/-/utils-0.2.9.tgz. Extracting by manifest.
166 silly tarball no local data for @floating-ui/core@https://registry.npmmirror.com/@floating-ui/core/-/core-1.6.9.tgz. Extracting by manifest.
167 silly tarball no local data for normalize-wheel-es@https://registry.npmmirror.com/normalize-wheel-es/-/normalize-wheel-es-1.2.0.tgz. Extracting by manifest.
168 silly tarball no local data for memoize-one@https://registry.npmmirror.com/memoize-one/-/memoize-one-6.0.0.tgz. Extracting by manifest.
169 silly tarball no local data for lodash-unified@https://registry.npmmirror.com/lodash-unified/-/lodash-unified-1.0.3.tgz. Extracting by manifest.
170 silly tarball no local data for lodash-es@https://registry.npmmirror.com/lodash-es/-/lodash-es-4.17.21.tgz. Extracting by manifest.
171 silly tarball no local data for async-validator@https://registry.npmmirror.com/async-validator/-/async-validator-4.2.5.tgz. Extracting by manifest.
172 silly tarball no local data for dayjs@https://registry.npmmirror.com/dayjs/-/dayjs-1.11.13.tgz. Extracting by manifest.
173 silly tarball no local data for @vueuse/core@https://registry.npmmirror.com/@vueuse/core/-/core-9.13.0.tgz. Extracting by manifest.
174 silly tarball no local data for @types/lodash-es@https://registry.npmmirror.com/@types/lodash-es/-/lodash-es-4.17.12.tgz. Extracting by manifest.
175 silly tarball no local data for @types/lodash@https://registry.npmmirror.com/@types/lodash/-/lodash-4.17.16.tgz. Extracting by manifest.
176 silly tarball no local data for @popperjs/core@https://registry.npmmirror.com/@sxzz/popperjs-es/-/popperjs-es-2.11.7.tgz. Extracting by manifest.
177 silly tarball no local data for @floating-ui/dom@https://registry.npmmirror.com/@floating-ui/dom/-/dom-1.6.13.tgz. Extracting by manifest.
178 silly tarball no local data for @ctrl/tinycolor@https://registry.npmmirror.com/@ctrl/tinycolor/-/tinycolor-3.6.1.tgz. Extracting by manifest.
179 silly tarball no local data for @element-plus/icons-vue@https://registry.npmmirror.com/@element-plus/icons-vue/-/icons-vue-2.3.1.tgz. Extracting by manifest.
180 silly tarball no local data for element-plus@https://registry.npmmirror.com/element-plus/-/element-plus-2.9.6.tgz. Extracting by manifest.
181 silly tarball no local data for vue-demi@https://registry.npmmirror.com/vue-demi/-/vue-demi-0.14.10.tgz. Extracting by manifest.
182 silly tarball no local data for vue-demi@https://registry.npmmirror.com/vue-demi/-/vue-demi-0.14.10.tgz. Extracting by manifest.
183 http fetch POST 404 https://registry.npmmirror.com/-/npm/v1/security/advisories/bulk 31ms
184 silly audit bulk request failed [object Object]
185 http fetch POST 404 https://registry.npmmirror.com/-/npm/v1/security/audits/quick 11ms
186 verbose audit error HttpErrorGeneral: 404 Not Found - POST https://registry.npmmirror.com/-/npm/v1/security/audits/quick - [NOT_IMPLEMENTED] /-/npm/v1/security/* not implemented yet
186 verbose audit error     at D:\codeEnvironment\node-v22.14.0-win-x64\node_modules\npm\node_modules\npm-registry-fetch\lib\check-response.js:103:15
186 verbose audit error     at process.processTicksAndRejections (node:internal/process/task_queues:105:5)
186 verbose audit error     at async [getReport] (D:\codeEnvironment\node-v22.14.0-win-x64\node_modules\npm\node_modules\@npmcli\arborist\lib\audit-report.js:336:21)
186 verbose audit error     at async AuditReport.run (D:\codeEnvironment\node-v22.14.0-win-x64\node_modules\npm\node_modules\@npmcli\arborist\lib\audit-report.js:106:19) {
186 verbose audit error   headers: [Object: null prototype] {
186 verbose audit error     server: [ 'Tengine' ],
186 verbose audit error     date: [ 'Mon, 17 Mar 2025 08:59:01 GMT' ],
186 verbose audit error     'content-type': [ 'application/json' ],
186 verbose audit error     'transfer-encoding': [ 'chunked' ],
186 verbose audit error     connection: [ 'keep-alive' ],
186 verbose audit error     'strict-transport-security': [ 'max-age=5184000' ],
186 verbose audit error     via: [ 'kunlun15.cn7140[,404666]' ],
186 verbose audit error     'timing-allow-origin': [ '*' ],
186 verbose audit error     eagleid: [ '6f035b2317422019416557501e' ],
186 verbose audit error     'x-fetch-attempts': [ '1' ]
186 verbose audit error   },
186 verbose audit error   statusCode: 404,
186 verbose audit error   code: 'E404',
186 verbose audit error   method: 'POST',
186 verbose audit error   uri: 'https://registry.npmmirror.com/-/npm/v1/security/audits/quick',
186 verbose audit error   body: {
186 verbose audit error     error: '[NOT_IMPLEMENTED] /-/npm/v1/security/* not implemented yet'
186 verbose audit error   },
186 verbose audit error   pkgid: undefined
186 verbose audit error }
187 silly audit error [object Object]
188 silly audit report null
189 http fetch GET 200 https://cdn.npmmirror.com/packages/%40types/web-bluetooth/0.0.16/web-bluetooth-0.0.16.tgz 471ms (cache miss)
190 http fetch GET 200 https://cdn.npmmirror.com/packages/normalize-wheel-es/1.2.0/normalize-wheel-es-1.2.0.tgz 477ms (cache miss)
191 http fetch GET 200 https://cdn.npmmirror.com/packages/memoize-one/6.0.0/memoize-one-6.0.0.tgz 478ms (cache miss)
192 http fetch GET 200 https://cdn.npmmirror.com/packages/lodash-unified/1.0.3/lodash-unified-1.0.3.tgz 477ms (cache miss)
193 http fetch GET 200 https://cdn.npmmirror.com/packages/vue-demi/0.14.10/vue-demi-0.14.10.tgz 476ms (cache miss)
194 http fetch GET 200 https://cdn.npmmirror.com/packages/%40vueuse/shared/9.13.0/shared-9.13.0.tgz 540ms (cache miss)
195 http fetch GET 200 https://cdn.npmmirror.com/packages/%40vueuse/metadata/9.13.0/metadata-9.13.0.tgz 548ms (cache miss)
196 http fetch GET 200 https://cdn.npmmirror.com/packages/%40floating-ui/core/1.6.9/core-1.6.9.tgz 557ms (cache miss)
197 http fetch GET 200 https://cdn.npmmirror.com/packages/%40floating-ui/dom/1.6.13/dom-1.6.13.tgz 551ms (cache miss)
198 http fetch GET 200 https://cdn.npmmirror.com/packages/%40floating-ui/utils/0.2.9/utils-0.2.9.tgz 582ms (cache miss)
199 http fetch GET 200 https://cdn.npmmirror.com/packages/vue-demi/0.14.10/vue-demi-0.14.10.tgz 584ms (cache miss)
200 http fetch GET 200 https://cdn.npmmirror.com/packages/%40vueuse/core/9.13.0/core-9.13.0.tgz 601ms (cache miss)
201 http fetch GET 200 https://cdn.npmmirror.com/packages/async-validator/4.2.5/async-validator-4.2.5.tgz 642ms (cache miss)
202 http fetch GET 200 https://cdn.npmmirror.com/packages/%40ctrl/tinycolor/3.6.1/tinycolor-3.6.1.tgz 672ms (cache miss)
203 http fetch GET 200 https://cdn.npmmirror.com/packages/%40sxzz/popperjs-es/2.11.7/popperjs-es-2.11.7.tgz 716ms (cache miss)
204 http fetch GET 200 https://cdn.npmmirror.com/packages/%40types/lodash-es/4.17.12/lodash-es-4.17.12.tgz 1098ms (cache miss)
205 http fetch GET 200 https://cdn.npmmirror.com/packages/%40element-plus/icons-vue/2.3.1/icons-vue-2.3.1.tgz 1201ms (cache miss)
206 http fetch GET 200 https://cdn.npmmirror.com/packages/dayjs/1.11.13/dayjs-1.11.13.tgz 1491ms (cache miss)
207 http fetch GET 200 https://cdn.npmmirror.com/packages/lodash-es/4.17.21/lodash-es-4.17.21.tgz 1701ms (cache miss)
208 http fetch GET 200 https://cdn.npmmirror.com/packages/%40types/lodash/4.17.16/lodash-4.17.16.tgz 1701ms (cache miss)
209 http fetch GET 200 https://cdn.npmmirror.com/packages/element-plus/2.9.6/element-plus-2.9.6.tgz 17855ms (cache miss)
210 info run vue-demi@0.14.10 postinstall node_modules/@vueuse/core/node_modules/vue-demi node -e "try{require('./scripts/postinstall.js')}catch(e){}"
211 info run vue-demi@0.14.10 postinstall node_modules/@vueuse/shared/node_modules/vue-demi node -e "try{require('./scripts/postinstall.js')}catch(e){}"
212 info run vue-demi@0.14.10 postinstall { code: 0, signal: null }
213 info run vue-demi@0.14.10 postinstall { code: 0, signal: null }
214 silly ADD node_modules/@vueuse/shared
215 silly ADD node_modules/@vueuse/shared/node_modules/vue-demi
216 silly ADD node_modules/@vueuse/metadata
217 silly ADD node_modules/@types/web-bluetooth
218 silly ADD node_modules/@floating-ui/utils
219 silly ADD node_modules/@floating-ui/core
220 silly ADD node_modules/normalize-wheel-es
221 silly ADD node_modules/memoize-one
222 silly ADD node_modules/lodash-unified
223 silly ADD node_modules/lodash-es
224 silly ADD node_modules/dayjs
225 silly ADD node_modules/async-validator
226 silly ADD node_modules/@vueuse/core
227 silly ADD node_modules/@vueuse/core/node_modules/vue-demi
228 silly ADD node_modules/@types/lodash-es
229 silly ADD node_modules/@types/lodash
230 silly ADD node_modules/@popperjs/core
231 silly ADD node_modules/@floating-ui/dom
232 silly ADD node_modules/@element-plus/icons-vue
233 silly ADD node_modules/@ctrl/tinycolor
234 silly ADD node_modules/element-plus
235 silly ADD
236 verbose cwd D:\ToBeProgrammer\learnHtml\htmlProject\htmlPractice\网易严选vue3\vue3-yanxuan
237 verbose os Windows_NT 10.0.22631
238 verbose node v22.14.0
239 verbose npm  v10.9.2
240 verbose exit 0
241 info ok
