0 verbose cli D:\codeEnvironment\node-v22.14.0-win-x64\node.exe D:\codeEnvironment\node-v22.14.0-win-x64\node_modules\npm\bin\npm-cli.js
1 info using npm@10.9.2
2 info using node@v22.14.0
3 silly config load:file:D:\codeEnvironment\node-v22.14.0-win-x64\node_modules\npm\npmrc
4 silly config load:file:C:\Users\huang\AppData\Local\Microsoft\TypeScript\5.7\.npmrc
5 silly config load:file:C:\Users\huang\.npmrc
6 silly config load:file:D:\codeEnvironment\node\node_global\etc\npmrc
7 verbose title npm install types-registry@latest
8 verbose argv "install" "--ignore-scripts" "types-registry@latest"
9 verbose logfile logs-max:10 dir:D:\ToBeProgrammer\learnHtml\htmlProject\htmlPractice\网易严选\.npm-cache\_logs\2025-03-17T09_14_13_760Z-
10 verbose logfile D:\ToBeProgrammer\learnHtml\htmlProject\htmlPractice\网易严选\.npm-cache\_logs\2025-03-17T09_14_13_760Z-debug-0.log
11 silly logfile start cleaning logs, removing 1 files
12 silly packumentCache heap:4345298944 maxSize:1086324736 maxEntrySize:543162368
13 silly logfile done cleaning log files
14 silly packumentCache corgi:https://registry.npmmirror.com/types-registry cache-miss
15 http fetch GET 200 https://registry.npmmirror.com/types-registry 187ms (cache revalidated)
16 silly packumentCache corgi:https://registry.npmmirror.com/types-registry set size:421718 disposed:false
17 silly idealTree buildDeps
18 silly fetch manifest types-registry@0.1.712
19 silly packumentCache full:https://registry.npmmirror.com/types-registry cache-miss
20 http fetch GET 200 https://registry.npmmirror.com/types-registry 43ms (cache revalidated)
21 silly packumentCache full:https://registry.npmmirror.com/types-registry set size:1139329 disposed:false
22 silly placeDep ROOT types-registry@0.1.712 REPLACE for:  want: 0.1.712
23 silly reify moves {}
24 silly audit bulk request {
24 silly audit   '@babel/helper-string-parser': [ '7.25.9' ],
24 silly audit   '@babel/helper-validator-identifier': [ '7.25.9' ],
24 silly audit   '@babel/parser': [ '7.26.9' ],
24 silly audit   '@babel/types': [ '7.26.9' ],
24 silly audit   '@types/babel__core': [ '7.20.5' ],
24 silly audit   '@types/babel__generator': [ '7.6.8' ],
24 silly audit   '@types/babel__template': [ '7.4.4' ],
24 silly audit   '@types/babel__traverse': [ '7.20.6' ],
24 silly audit   '@types/caseless': [ '0.12.5' ],
24 silly audit   '@types/core-js': [ '2.5.8' ],
24 silly audit   '@types/less': [ '3.0.8' ],
24 silly audit   '@types/lodash': [ '4.17.16' ],
24 silly audit   '@types/lodash-es': [ '4.17.12' ],
24 silly audit   '@types/node': [ '22.13.1' ],
24 silly audit   '@types/request': [ '2.48.12' ],
24 silly audit   '@types/stylus': [ '0.48.43' ],
24 silly audit   '@types/tough-cookie': [ '4.0.5' ],
24 silly audit   '@types/winjs': [ '4.4.7' ],
24 silly audit   asynckit: [ '0.4.0' ],
24 silly audit   'combined-stream': [ '1.0.8' ],
24 silly audit   'delayed-stream': [ '1.0.0' ],
24 silly audit   'form-data': [ '2.5.2' ],
24 silly audit   'mime-db': [ '1.52.0' ],
24 silly audit   'mime-types': [ '2.1.35' ],
24 silly audit   'safe-buffer': [ '5.2.1' ],
24 silly audit   'undici-types': [ '6.20.0' ],
24 silly audit   'types-registry': [ '0.1.712' ]
24 silly audit }
25 http fetch POST 404 https://registry.npmmirror.com/-/npm/v1/security/advisories/bulk 38ms
26 silly audit bulk request failed [object Object]
27 http fetch POST 404 https://registry.npmmirror.com/-/npm/v1/security/audits/quick 29ms
28 verbose audit error HttpErrorGeneral: 404 Not Found - POST https://registry.npmmirror.com/-/npm/v1/security/audits/quick - [NOT_IMPLEMENTED] /-/npm/v1/security/* not implemented yet
28 verbose audit error     at D:\codeEnvironment\node-v22.14.0-win-x64\node_modules\npm\node_modules\npm-registry-fetch\lib\check-response.js:103:15
28 verbose audit error     at process.processTicksAndRejections (node:internal/process/task_queues:105:5)
28 verbose audit error     at async [getReport] (D:\codeEnvironment\node-v22.14.0-win-x64\node_modules\npm\node_modules\@npmcli\arborist\lib\audit-report.js:336:21)
28 verbose audit error     at async AuditReport.run (D:\codeEnvironment\node-v22.14.0-win-x64\node_modules\npm\node_modules\@npmcli\arborist\lib\audit-report.js:106:19)
28 verbose audit error     at async Arborist.reify (D:\codeEnvironment\node-v22.14.0-win-x64\node_modules\npm\node_modules\@npmcli\arborist\lib\arborist\reify.js:268:24)
28 verbose audit error     at async Install.exec (D:\codeEnvironment\node-v22.14.0-win-x64\node_modules\npm\lib\commands\install.js:150:5)
28 verbose audit error     at async Npm.exec (D:\codeEnvironment\node-v22.14.0-win-x64\node_modules\npm\lib\npm.js:207:9)
28 verbose audit error     at async module.exports (D:\codeEnvironment\node-v22.14.0-win-x64\node_modules\npm\lib\cli\entry.js:74:5) {
28 verbose audit error   headers: [Object: null prototype] {
28 verbose audit error     server: [ 'Tengine' ],
28 verbose audit error     date: [ 'Mon, 17 Mar 2025 09:14:15 GMT' ],
28 verbose audit error     'content-type': [ 'application/json' ],
28 verbose audit error     'transfer-encoding': [ 'chunked' ],
28 verbose audit error     connection: [ 'keep-alive' ],
28 verbose audit error     'strict-transport-security': [ 'max-age=5184000' ],
28 verbose audit error     via: [ 'kunlun1.cn7902[,404666]' ],
28 verbose audit error     'timing-allow-origin': [ '*' ],
28 verbose audit error     eagleid: [ '7cedec1517422028553274543e' ],
28 verbose audit error     'x-fetch-attempts': [ '1' ]
28 verbose audit error   },
28 verbose audit error   statusCode: 404,
28 verbose audit error   code: 'E404',
28 verbose audit error   method: 'POST',
28 verbose audit error   uri: 'https://registry.npmmirror.com/-/npm/v1/security/audits/quick',
28 verbose audit error   body: {
28 verbose audit error     error: '[NOT_IMPLEMENTED] /-/npm/v1/security/* not implemented yet'
28 verbose audit error   },
28 verbose audit error   pkgid: undefined
28 verbose audit error }
29 silly audit error [object Object]
30 silly audit report null
31 verbose cwd C:\Users\huang\AppData\Local\Microsoft\TypeScript\5.7
32 verbose os Windows_NT 10.0.22631
33 verbose node v22.14.0
34 verbose npm  v10.9.2
35 verbose exit 0
36 info ok
