0 verbose cli D:\codeEnvironment\node-v22.14.0-win-x64\node.exe D:\codeEnvironment\node-v22.14.0-win-x64\node_modules\npm\bin\npm-cli.js
1 info using npm@10.9.2
2 info using node@v22.14.0
3 silly config load:file:D:\codeEnvironment\node-v22.14.0-win-x64\node_modules\npm\npmrc
4 silly config load:file:C:\Users\huang\AppData\Local\Microsoft\TypeScript\5.8\.npmrc
5 silly config load:file:C:\Users\huang\.npmrc
6 silly config load:file:D:\codeEnvironment\node\node_global\etc\npmrc
7 verbose title npm install @types/lodash@ts5.8 @types/lodash-es@ts5.8
8 verbose argv "install" "--ignore-scripts" "@types/lodash@ts5.8" "@types/lodash-es@ts5.8" "--save-dev" "--user-agent" "typesInstaller/5.8.2"
9 verbose logfile logs-max:10 dir:D:\ToBeProgrammer\learnHtml\htmlProject\htmlPractice\网易严选\.npm-cache\_logs\2025-03-17T09_03_03_983Z-
10 verbose logfile D:\ToBeProgrammer\learnHtml\htmlProject\htmlPractice\网易严选\.npm-cache\_logs\2025-03-17T09_03_03_983Z-debug-0.log
11 silly logfile start cleaning logs, removing 1 files
12 silly packumentCache heap:4345298944 maxSize:1086324736 maxEntrySize:543162368
13 silly logfile done cleaning log files
14 silly packumentCache corgi:https://registry.npmmirror.com/@types%2flodash cache-miss
15 silly packumentCache corgi:https://registry.npmmirror.com/@types%2flodash-es cache-miss
16 http cache https://registry.npmmirror.com/@types%2flodash 31ms (cache hit)
17 silly packumentCache corgi:https://registry.npmmirror.com/@types%2flodash set size:128318 disposed:false
18 http cache https://registry.npmmirror.com/@types%2flodash-es 36ms (cache hit)
19 silly packumentCache corgi:https://registry.npmmirror.com/@types%2flodash-es set size:14386 disposed:false
20 silly idealTree buildDeps
21 silly fetch manifest @types/lodash@4.17.16
22 silly packumentCache full:https://registry.npmmirror.com/@types%2flodash cache-miss
23 http cache https://registry.npmmirror.com/@types%2flodash 10ms (cache hit)
24 silly packumentCache full:https://registry.npmmirror.com/@types%2flodash set size:411791 disposed:false
25 silly fetch manifest @types/lodash-es@4.17.12
26 silly packumentCache full:https://registry.npmmirror.com/@types%2flodash-es cache-miss
27 http cache https://registry.npmmirror.com/@types%2flodash-es 8ms (cache hit)
28 silly packumentCache full:https://registry.npmmirror.com/@types%2flodash-es set size:34564 disposed:false
29 silly placeDep ROOT @types/lodash@4.17.16 OK for:  want: 4.17.16
30 silly placeDep ROOT @types/lodash-es@4.17.12 OK for:  want: 4.17.12
31 silly reify moves {}
32 silly audit bulk request {
32 silly audit   '@types/core-js': [ '2.5.8' ],
32 silly audit   '@types/less': [ '3.0.8' ],
32 silly audit   'types-registry': [ '0.1.712' ],
32 silly audit   '@types/lodash': [ '4.17.16' ],
32 silly audit   '@types/lodash-es': [ '4.17.12' ]
32 silly audit }
33 http cache @types/lodash-es@https://registry.npmmirror.com/@types/lodash-es/-/lodash-es-4.17.12.tgz 0ms (cache hit)
34 http cache @types/lodash@https://registry.npmmirror.com/@types/lodash/-/lodash-4.17.16.tgz 0ms (cache hit)
35 http fetch POST 404 https://registry.npmmirror.com/-/npm/v1/security/advisories/bulk 186ms
36 silly audit bulk request failed [object Object]
37 http fetch POST 404 https://registry.npmmirror.com/-/npm/v1/security/audits/quick 15ms
38 verbose audit error HttpErrorGeneral: 404 Not Found - POST https://registry.npmmirror.com/-/npm/v1/security/audits/quick - [NOT_IMPLEMENTED] /-/npm/v1/security/* not implemented yet
38 verbose audit error     at D:\codeEnvironment\node-v22.14.0-win-x64\node_modules\npm\node_modules\npm-registry-fetch\lib\check-response.js:103:15
38 verbose audit error     at process.processTicksAndRejections (node:internal/process/task_queues:105:5)
38 verbose audit error     at async [getReport] (D:\codeEnvironment\node-v22.14.0-win-x64\node_modules\npm\node_modules\@npmcli\arborist\lib\audit-report.js:336:21)
38 verbose audit error     at async AuditReport.run (D:\codeEnvironment\node-v22.14.0-win-x64\node_modules\npm\node_modules\@npmcli\arborist\lib\audit-report.js:106:19) {
38 verbose audit error   headers: [Object: null prototype] {
38 verbose audit error     server: [ 'Tengine' ],
38 verbose audit error     date: [ 'Mon, 17 Mar 2025 09:03:05 GMT' ],
38 verbose audit error     'content-type': [ 'application/json' ],
38 verbose audit error     'transfer-encoding': [ 'chunked' ],
38 verbose audit error     connection: [ 'keep-alive' ],
38 verbose audit error     'strict-transport-security': [ 'max-age=5184000' ],
38 verbose audit error     via: [ 'kunlun8.cn7140[,404666]' ],
38 verbose audit error     'timing-allow-origin': [ '*' ],
38 verbose audit error     eagleid: [ '6f035b1c17422021856287531e' ],
38 verbose audit error     'x-fetch-attempts': [ '1' ]
38 verbose audit error   },
38 verbose audit error   statusCode: 404,
38 verbose audit error   code: 'E404',
38 verbose audit error   method: 'POST',
38 verbose audit error   uri: 'https://registry.npmmirror.com/-/npm/v1/security/audits/quick',
38 verbose audit error   body: {
38 verbose audit error     error: '[NOT_IMPLEMENTED] /-/npm/v1/security/* not implemented yet'
38 verbose audit error   },
38 verbose audit error   pkgid: undefined
38 verbose audit error }
39 silly audit error [object Object]
40 silly audit report null
41 silly ADD node_modules/@types/lodash-es
42 silly ADD node_modules/@types/lodash
43 verbose cwd C:\Users\huang\AppData\Local\Microsoft\TypeScript\5.8
44 verbose os Windows_NT 10.0.22631
45 verbose node v22.14.0
46 verbose npm  v10.9.2
47 verbose exit 0
48 info ok
